#
# There is insufficient memory for the Java Runtime Environment to continue.
# Native memory allocation (malloc) failed to allocate 147504 bytes. Error detail: Chunk::new
# Possible reasons:
#   The system is out of physical RAM or swap space
#   This process is running with CompressedOops enabled, and the Java Heap may be blocking the growth of the native heap
# Possible solutions:
#   Reduce memory load on the system
#   Increase physical memory or swap space
#   Check if swap backing store is full
#   Decrease Java heap size (-Xmx/-Xms)
#   Decrease number of Java threads
#   Decrease Java thread stack sizes (-Xss)
#   Set larger code cache with -XX:ReservedCodeCacheSize=
#   JVM is running with Unscaled Compressed Oops mode in which the Java heap is
#     placed in the first 4GB address space. The Java Heap base address is the
#     maximum limit for the native heap growth. Please use -XX:HeapBaseMinAddress
#     to set the Java Heap base and to place the Java Heap above 4GB virtual address.
# This output file may be truncated or incomplete.
#
#  Out of Memory Error (arena.cpp:168), pid=28364, tid=36844
#
# JRE version: OpenJDK Runtime Environment Temurin-21.0.10+7 (21.0.10+7) (build 21.0.10+7-LTS)
# Java VM: OpenJDK 64-Bit Server VM Temurin-21.0.10+7 (21.0.10+7-LTS, mixed mode, sharing, tiered, compressed oops, compressed class ptrs, parallel gc, windows-amd64)
# No core dump will be written. Minidumps are not enabled by default on client versions of Windows
#

---------------  S U M M A R Y ------------

Command Line: --add-modules=ALL-SYSTEM --add-opens=java.base/java.util=ALL-UNNAMED --add-opens=java.base/java.lang=ALL-UNNAMED --add-opens=java.base/sun.nio.fs=ALL-UNNAMED -Declipse.application=org.eclipse.jdt.ls.core.id1 -Dosgi.bundles.defaultStartLevel=4 -Declipse.product=org.eclipse.jdt.ls.core.product -Djava.import.generatesMetadataFilesAtProjectRoot=false -DDetectVMInstallationsJob.disabled=true -Dfile.encoding=utf8 -XX:+UseParallelGC -XX:GCTimeRatio=4 -XX:AdaptiveSizePolicyWeight=90 -Dsun.zip.disableMemoryMapping=true -Xmx2G -Xms100m -Xlog:disable -javaagent:c:\Users\ENOC\.vscode\extensions\redhat.java-1.53.0-win32-x64\lombok\lombok-1.18.39-4050.jar c:\Users\ENOC\.vscode\extensions\redhat.java-1.53.0-win32-x64\server\plugins\org.eclipse.equinox.launcher_1.7.100.v20251111-0406.jar -configuration c:\Users\ENOC\AppData\Roaming\Code\User\globalStorage\redhat.java\1.53.0\config_ss_win -data c:\Users\ENOC\AppData\Roaming\Code\User\workspaceStorage\6ec05ceb88eea0f81ea9197d5d668666\redhat.java\ss_ws --pipe=\\.\pipe\lsp-3f3971a70053dd090a90dca36c165cfc-sock

Host: AMD Ryzen 3 5300U with Radeon Graphics         , 8 cores, 7G,  Windows 11 , 64 bit Build 26100 (10.0.26100.7920)
Time: Wed Apr  8 16:27:44 2026 Hora est. Pac璗ico, Sudam廨ica elapsed time: 20.312847 seconds (0d 0h 0m 20s)

---------------  T H R E A D  ---------------

Current thread (0x000002c542fa1f70):  JavaThread "C2 CompilerThread0" daemon [_thread_in_native, id=36844, stack(0x000000efae100000,0x000000efae200000) (1024K)]


Current CompileTask:
C2:20331 2500 % !   4       java.util.concurrent.ConcurrentHashMap::transfer @ 372 (849 bytes)

Stack: [0x000000efae100000,0x000000efae200000]
Native frames: (J=compiled Java code, j=interpreted, Vv=VM code, C=native code)
V  [jvm.dll+0x6d7a39]
V  [jvm.dll+0x8b4b26]
V  [jvm.dll+0x8b70de]
V  [jvm.dll+0x8b77c3]
V  [jvm.dll+0x284346]
V  [jvm.dll+0xc66ed]
V  [jvm.dll+0xc6c31]
V  [jvm.dll+0x3bec3b]
V  [jvm.dll+0x1e3f69]
V  [jvm.dll+0x24c6b3]
V  [jvm.dll+0x24bb40]
V  [jvm.dll+0x1cb34e]
V  [jvm.dll+0x25b85d]
V  [jvm.dll+0x259dea]
V  [jvm.dll+0x3f857e]
V  [jvm.dll+0x85f59d]
V  [jvm.dll+0x6d626d]
C  [ucrtbase.dll+0x37b0]
C  [KERNEL32.DLL+0x2e8d7]
C  [ntdll.dll+0x8c48c]


---------------  P R O C E S S  ---------------

Threads class SMR info:
_java_thread_list=0x000002c5a13055e0, length=19, elements={
0x000002c5430263f0, 0x000002c542f93f90, 0x000002c542f97ca0, 0x000002c542f9afa0,
0x000002c542f9bc00, 0x000002c542f9e770, 0x000002c542f9f1d0, 0x000002c542fa1f70,
0x000002c542fcc830, 0x000002c59c513710, 0x000002c59c62acd0, 0x000002c59cdfbfe0,
0x000002c59cebad60, 0x000002c59cebb3d0, 0x000002c59cad5290, 0x000002c5a12c0040,
0x000002c5a134a7f0, 0x000002c59ceba010, 0x000002c5a149e430
}

Java Threads: ( => current thread )
  0x000002c5430263f0 JavaThread "main"                              [_thread_blocked, id=7204, stack(0x000000efad700000,0x000000efad800000) (1024K)]
  0x000002c542f93f90 JavaThread "Reference Handler"          daemon [_thread_blocked, id=20652, stack(0x000000efadb00000,0x000000efadc00000) (1024K)]
  0x000002c542f97ca0 JavaThread "Finalizer"                  daemon [_thread_blocked, id=35728, stack(0x000000efadc00000,0x000000efadd00000) (1024K)]
  0x000002c542f9afa0 JavaThread "Signal Dispatcher"          daemon [_thread_blocked, id=12744, stack(0x000000efadd00000,0x000000efade00000) (1024K)]
  0x000002c542f9bc00 JavaThread "Attach Listener"            daemon [_thread_blocked, id=26864, stack(0x000000efade00000,0x000000efadf00000) (1024K)]
  0x000002c542f9e770 JavaThread "Service Thread"             daemon [_thread_blocked, id=24944, stack(0x000000efadf00000,0x000000efae000000) (1024K)]
  0x000002c542f9f1d0 JavaThread "Monitor Deflation Thread"   daemon [_thread_blocked, id=33472, stack(0x000000efae000000,0x000000efae100000) (1024K)]
=>0x000002c542fa1f70 JavaThread "C2 CompilerThread0"         daemon [_thread_in_native, id=36844, stack(0x000000efae100000,0x000000efae200000) (1024K)]
  0x000002c542fcc830 JavaThread "C1 CompilerThread0"         daemon [_thread_blocked, id=29816, stack(0x000000efae200000,0x000000efae300000) (1024K)]
  0x000002c59c513710 JavaThread "Common-Cleaner"             daemon [_thread_blocked, id=4756, stack(0x000000efae300000,0x000000efae400000) (1024K)]
  0x000002c59c62acd0 JavaThread "Notification Thread"        daemon [_thread_blocked, id=3516, stack(0x000000efae400000,0x000000efae500000) (1024K)]
  0x000002c59cdfbfe0 JavaThread "Active Thread: Equinox Container: c5f6344c-8c29-4f23-a24a-ac3f5111ab0b"        [_thread_blocked, id=18476, stack(0x000000efaeb00000,0x000000efaec00000) (1024K)]
  0x000002c59cebad60 JavaThread "Framework Event Dispatcher: Equinox Container: c5f6344c-8c29-4f23-a24a-ac3f5111ab0b" daemon [_thread_blocked, id=27604, stack(0x000000efaec00000,0x000000efaed00000) (1024K)]
  0x000002c59cebb3d0 JavaThread "Start Level: Equinox Container: c5f6344c-8c29-4f23-a24a-ac3f5111ab0b" daemon [_thread_in_native, id=29988, stack(0x000000efaed00000,0x000000efaee00000) (1024K)]
  0x000002c59cad5290 JavaThread "SCR Component Actor"        daemon [_thread_blocked, id=23800, stack(0x000000efaef00000,0x000000efaf000000) (1024K)]
  0x000002c5a12c0040 JavaThread "Worker-JM"                         [_thread_blocked, id=32144, stack(0x000000efaf000000,0x000000efaf100000) (1024K)]
  0x000002c5a134a7f0 JavaThread "JNA Cleaner"                daemon [_thread_blocked, id=324, stack(0x000000efaf100000,0x000000efaf200000) (1024K)]
  0x000002c59ceba010 JavaThread "Worker-0: Checking project encoding"        [_thread_blocked, id=29536, stack(0x000000efaf200000,0x000000efaf300000) (1024K)]
  0x000002c5a149e430 JavaThread "Worker-1"                          [_thread_blocked, id=2144, stack(0x000000efaf300000,0x000000efaf400000) (1024K)]
Total: 19

Other Threads:
  0x000002c5430c2830 VMThread "VM Thread"                           [id=31220, stack(0x000000efada00000,0x000000efadb00000) (1024K)]
  0x000002c540c84930 WatcherThread "VM Periodic Task Thread"        [id=29940, stack(0x000000efad900000,0x000000efada00000) (1024K)]
  0x000002c543045270 WorkerThread "GC Thread#0"                     [id=8272, stack(0x000000efad800000,0x000000efad900000) (1024K)]
  0x000002c59c6ad1b0 WorkerThread "GC Thread#1"                     [id=33228, stack(0x000000efae500000,0x000000efae600000) (1024K)]
  0x000002c59c9c3260 WorkerThread "GC Thread#2"                     [id=5380, stack(0x000000efae600000,0x000000efae700000) (1024K)]
  0x000002c59cd52c10 WorkerThread "GC Thread#3"                     [id=23664, stack(0x000000efae700000,0x000000efae800000) (1024K)]
  0x000002c59cd52fc0 WorkerThread "GC Thread#4"                     [id=37192, stack(0x000000efae800000,0x000000efae900000) (1024K)]
  0x000002c59c668480 WorkerThread "GC Thread#5"                     [id=32828, stack(0x000000efae900000,0x000000efaea00000) (1024K)]
  0x000002c59c97e8b0 WorkerThread "GC Thread#6"                     [id=30296, stack(0x000000efaea00000,0x000000efaeb00000) (1024K)]
  0x000002c59cee9050 WorkerThread "GC Thread#7"                     [id=16812, stack(0x000000efaee00000,0x000000efaef00000) (1024K)]
Total: 10

Threads with active compile tasks:
C2 CompilerThread0  20834 2500 % !   4       java.util.concurrent.ConcurrentHashMap::transfer @ 372 (849 bytes)
Total: 1

VM state: not at safepoint (normal execution)

VM Mutex/Monitor currently owned by a thread: None

Heap address: 0x0000000080000000, size: 2048 MB, Compressed Oops mode: 32-bit

CDS archive(s) mapped at: [0x000002c55a000000-0x000002c55aba0000-0x000002c55aba0000), size 12189696, SharedBaseAddress: 0x000002c55a000000, ArchiveRelocationMode: 1.
Compressed class space mapped at: 0x000002c55b000000-0x000002c59b000000, reserved size: 1073741824
Narrow klass base: 0x000002c55a000000, Narrow klass shift: 0, Narrow klass range: 0x100000000

GC Precious Log:
 CardTable entry size: 512
 CPUs: 8 total, 8 available
 Memory: 7502M
 Large Page Support: Disabled
 NUMA Support: Disabled
 Compressed Oops: Enabled (32-bit)
 Alignments: Space 512K, Generation 512K, Heap 2M
 Heap Min Capacity: 100M
 Heap Initial Capacity: 100M
 Heap Max Capacity: 2G
 Pre-touch: Disabled
 Parallel Workers: 8

Heap:
 PSYoungGen      total 29696K, used 23476K [0x00000000d5580000, 0x00000000d7680000, 0x0000000100000000)
  eden space 25600K, 75% used [0x00000000d5580000,0x00000000d6871090,0x00000000d6e80000)
  from space 4096K, 99% used [0x00000000d6e80000,0x00000000d727c1c0,0x00000000d7280000)
  to   space 4096K, 0% used [0x00000000d7280000,0x00000000d7280000,0x00000000d7680000)
 ParOldGen       total 68608K, used 2904K [0x0000000080000000, 0x0000000084300000, 0x00000000d5580000)
  object space 68608K, 4% used [0x0000000080000000,0x00000000802d61d8,0x0000000084300000)
 Metaspace       used 15966K, committed 16640K, reserved 1114112K
  class space    used 1708K, committed 2048K, reserved 1048576K

Card table byte_map: [0x000002c5429c0000,0x000002c542dd0000] _byte_map_base: 0x000002c5425c0000

Marking Bits: (ParMarkBitMap*) 0x00007fff582f3450
 Begin Bits: [0x000002c5554d0000, 0x000002c5574d0000)
 End Bits:   [0x000002c5574d0000, 0x000002c5594d0000)

Polling page: 0x000002c541030000

Metaspace:

Usage:
  Non-class:     13.94 MB used.
      Class:      1.67 MB used.
       Both:     15.61 MB used.

Virtual space:
  Non-class space:       64.00 MB reserved,      14.25 MB ( 22%) committed,  1 nodes.
      Class space:        1.00 GB reserved,       2.00 MB ( <1%) committed,  1 nodes.
             Both:        1.06 GB reserved,      16.25 MB (  1%) committed. 

Chunk freelists:
   Non-Class:  1.27 MB
       Class:  13.98 MB
        Both:  15.25 MB

MaxMetaspaceSize: unlimited
CompressedClassSpaceSize: 1.00 GB
Initial GC threshold: 21.00 MB
Current GC threshold: 21.00 MB
CDS: on
 - commit_granule_bytes: 65536.
 - commit_granule_words: 8192.
 - virtual_space_node_default_size: 8388608.
 - enlarge_chunks_in_place: 1.
 - use_allocation_guard: 0.


Internal statistics:

num_allocs_failed_limit: 0.
num_arena_births: 492.
num_arena_deaths: 0.
num_vsnodes_births: 2.
num_vsnodes_deaths: 0.
num_space_committed: 260.
num_space_uncommitted: 0.
num_chunks_returned_to_freelist: 0.
num_chunks_taken_from_freelist: 1086.
num_chunk_merges: 0.
num_chunk_splits: 689.
num_chunks_enlarged: 424.
num_inconsistent_stats: 0.

CodeHeap 'non-profiled nmethods': size=120000Kb used=1045Kb max_used=1045Kb free=118954Kb
 bounds [0x000002c54dcf0000, 0x000002c54df60000, 0x000002c555220000]
CodeHeap 'profiled nmethods': size=120000Kb used=4932Kb max_used=4932Kb free=115067Kb
 bounds [0x000002c546220000, 0x000002c546700000, 0x000002c54d750000]
CodeHeap 'non-nmethods': size=5760Kb used=1272Kb max_used=1285Kb free=4487Kb
 bounds [0x000002c54d750000, 0x000002c54d9c0000, 0x000002c54dcf0000]
CodeCache: size=245760Kb, used=7249Kb, max_used=7262Kb, free=238508Kb
 total_blobs=3110, nmethods=2563, adapters=453, full_count=0
Compilation: enabled, stopped_count=0, restarted_count=0

Compilation events (20 events):
Event: 18.094 Thread 0x000002c542fcc830 nmethod 2498 0x000002c5466d9910 code [0x000002c5466d9ac0, 0x000002c5466d9c88]
Event: 18.095 Thread 0x000002c542fcc830 2499       3       java.lang.Class::arrayContentsEq (70 bytes)
Event: 18.095 Thread 0x000002c542fa1f70 2500 % !   4       java.util.concurrent.ConcurrentHashMap::transfer @ 372 (849 bytes)
Event: 18.095 Thread 0x000002c542fcc830 nmethod 2499 0x000002c5466d9d90 code [0x000002c5466d9f80, 0x000002c5466da3a8]
Event: 18.097 Thread 0x000002c542fcc830 2501       3       java.lang.reflect.Field::set (43 bytes)
Event: 18.097 Thread 0x000002c542fcc830 nmethod 2501 0x000002c5466da510 code [0x000002c5466da740, 0x000002c5466daca8]
Event: 18.097 Thread 0x000002c542fcc830 2503       3       jdk.internal.reflect.MethodHandleFieldAccessorImpl::isReadOnly (16 bytes)
Event: 18.098 Thread 0x000002c542fcc830 nmethod 2503 0x000002c5466dae90 code [0x000002c5466db020, 0x000002c5466db188]
Event: 18.098 Thread 0x000002c542fcc830 2502       3       jdk.internal.reflect.MethodHandleFieldAccessorImpl::ensureObj (30 bytes)
Event: 18.099 Thread 0x000002c542fcc830 nmethod 2502 0x000002c5466db210 code [0x000002c5466db420, 0x000002c5466db9f0]
Event: 18.099 Thread 0x000002c542fcc830 2504   !   3       jdk.internal.reflect.MethodHandleObjectFieldAccessorImpl::set (70 bytes)
Event: 18.101 Thread 0x000002c542fcc830 nmethod 2504 0x000002c5466dbc10 code [0x000002c5466dbfc0, 0x000002c5466ddb68]
Event: 18.101 Thread 0x000002c542fcc830 2505       1       java.util.concurrent.locks.ReentrantReadWriteLock::writeLock (5 bytes)
Event: 18.101 Thread 0x000002c542fcc830 nmethod 2505 0x000002c54ddf1510 code [0x000002c54ddf16a0, 0x000002c54ddf1768]
Event: 18.113 Thread 0x000002c542fcc830 2506       3       org.eclipse.core.internal.dtree.AbstractDataTreeNode::<init> (34 bytes)
Event: 18.113 Thread 0x000002c542fcc830 nmethod 2506 0x000002c5466de610 code [0x000002c5466de7c0, 0x000002c5466dea28]
Event: 18.115 Thread 0x000002c542fcc830 2507       1       sun.nio.fs.WindowsFileSystem::provider (5 bytes)
Event: 18.115 Thread 0x000002c542fcc830 nmethod 2507 0x000002c54ddf1810 code [0x000002c54ddf19a0, 0x000002c54ddf1a68]
Event: 18.523 Thread 0x000002c542fcc830 2508       3       jdk.internal.misc.Unsafe::weakCompareAndSetReference (11 bytes)
Event: 18.523 Thread 0x000002c542fcc830 nmethod 2508 0x000002c5466deb10 code [0x000002c5466deca0, 0x000002c5466dede0]

GC Heap History (6 events):
Event: 3.666 GC heap before
{Heap before GC invocations=1 (full 0):
 PSYoungGen      total 29696K, used 25600K [0x00000000d5580000, 0x00000000d7680000, 0x0000000100000000)
  eden space 25600K, 100% used [0x00000000d5580000,0x00000000d6e80000,0x00000000d6e80000)
  from space 4096K, 0% used [0x00000000d7280000,0x00000000d7280000,0x00000000d7680000)
  to   space 4096K, 0% used [0x00000000d6e80000,0x00000000d6e80000,0x00000000d7280000)
 ParOldGen       total 68608K, used 0K [0x0000000080000000, 0x0000000084300000, 0x00000000d5580000)
  object space 68608K, 0% used [0x0000000080000000,0x0000000080000000,0x0000000084300000)
 Metaspace       used 4381K, committed 4608K, reserved 1114112K
  class space    used 474K, committed 576K, reserved 1048576K
}
Event: 3.679 GC heap after
{Heap after GC invocations=1 (full 0):
 PSYoungGen      total 29696K, used 3280K [0x00000000d5580000, 0x00000000d7680000, 0x0000000100000000)
  eden space 25600K, 0% used [0x00000000d5580000,0x00000000d5580000,0x00000000d6e80000)
  from space 4096K, 80% used [0x00000000d6e80000,0x00000000d71b4148,0x00000000d7280000)
  to   space 4096K, 0% used [0x00000000d7280000,0x00000000d7280000,0x00000000d7680000)
 ParOldGen       total 68608K, used 16K [0x0000000080000000, 0x0000000084300000, 0x00000000d5580000)
  object space 68608K, 0% used [0x0000000080000000,0x0000000080004000,0x0000000084300000)
 Metaspace       used 4381K, committed 4608K, reserved 1114112K
  class space    used 474K, committed 576K, reserved 1048576K
}
Event: 7.700 GC heap before
{Heap before GC invocations=2 (full 0):
 PSYoungGen      total 29696K, used 28880K [0x00000000d5580000, 0x00000000d7680000, 0x0000000100000000)
  eden space 25600K, 100% used [0x00000000d5580000,0x00000000d6e80000,0x00000000d6e80000)
  from space 4096K, 80% used [0x00000000d6e80000,0x00000000d71b4148,0x00000000d7280000)
  to   space 4096K, 0% used [0x00000000d7280000,0x00000000d7280000,0x00000000d7680000)
 ParOldGen       total 68608K, used 16K [0x0000000080000000, 0x0000000084300000, 0x00000000d5580000)
  object space 68608K, 0% used [0x0000000080000000,0x0000000080004000,0x0000000084300000)
 Metaspace       used 8155K, committed 8448K, reserved 1114112K
  class space    used 864K, committed 960K, reserved 1048576K
}
Event: 7.709 GC heap after
{Heap after GC invocations=2 (full 0):
 PSYoungGen      total 29696K, used 4077K [0x00000000d5580000, 0x00000000d7680000, 0x0000000100000000)
  eden space 25600K, 0% used [0x00000000d5580000,0x00000000d5580000,0x00000000d6e80000)
  from space 4096K, 99% used [0x00000000d7280000,0x00000000d767b670,0x00000000d7680000)
  to   space 4096K, 0% used [0x00000000d6e80000,0x00000000d6e80000,0x00000000d7280000)
 ParOldGen       total 68608K, used 1126K [0x0000000080000000, 0x0000000084300000, 0x00000000d5580000)
  object space 68608K, 1% used [0x0000000080000000,0x0000000080119840,0x0000000084300000)
 Metaspace       used 8155K, committed 8448K, reserved 1114112K
  class space    used 864K, committed 960K, reserved 1048576K
}
Event: 9.165 GC heap before
{Heap before GC invocations=3 (full 0):
 PSYoungGen      total 29696K, used 29677K [0x00000000d5580000, 0x00000000d7680000, 0x0000000100000000)
  eden space 25600K, 100% used [0x00000000d5580000,0x00000000d6e80000,0x00000000d6e80000)
  from space 4096K, 99% used [0x00000000d7280000,0x00000000d767b670,0x00000000d7680000)
  to   space 4096K, 0% used [0x00000000d6e80000,0x00000000d6e80000,0x00000000d7280000)
 ParOldGen       total 68608K, used 1126K [0x0000000080000000, 0x0000000084300000, 0x00000000d5580000)
  object space 68608K, 1% used [0x0000000080000000,0x0000000080119840,0x0000000084300000)
 Metaspace       used 12972K, committed 13504K, reserved 1114112K
  class space    used 1375K, committed 1600K, reserved 1048576K
}
Event: 9.173 GC heap after
{Heap after GC invocations=3 (full 0):
 PSYoungGen      total 29696K, used 4080K [0x00000000d5580000, 0x00000000d7680000, 0x0000000100000000)
  eden space 25600K, 0% used [0x00000000d5580000,0x00000000d5580000,0x00000000d6e80000)
  from space 4096K, 99% used [0x00000000d6e80000,0x00000000d727c1c0,0x00000000d7280000)
  to   space 4096K, 0% used [0x00000000d7280000,0x00000000d7280000,0x00000000d7680000)
 ParOldGen       total 68608K, used 2904K [0x0000000080000000, 0x0000000084300000, 0x00000000d5580000)
  object space 68608K, 4% used [0x0000000080000000,0x00000000802d61d8,0x0000000084300000)
 Metaspace       used 12972K, committed 13504K, reserved 1114112K
  class space    used 1375K, committed 1600K, reserved 1048576K
}

Dll operation events (10 events):
Event: 0.033 Loaded shared library c:\Users\ENOC\.vscode\extensions\redhat.java-1.53.0-win32-x64\jre\21.0.10-win32-x86_64\bin\java.dll
Event: 0.231 Loaded shared library c:\Users\ENOC\.vscode\extensions\redhat.java-1.53.0-win32-x64\jre\21.0.10-win32-x86_64\bin\zip.dll
Event: 0.408 Loaded shared library C:\Users\ENOC\.vscode\extensions\redhat.java-1.53.0-win32-x64\jre\21.0.10-win32-x86_64\bin\instrument.dll
Event: 0.425 Loaded shared library C:\Users\ENOC\.vscode\extensions\redhat.java-1.53.0-win32-x64\jre\21.0.10-win32-x86_64\bin\net.dll
Event: 0.430 Loaded shared library C:\Users\ENOC\.vscode\extensions\redhat.java-1.53.0-win32-x64\jre\21.0.10-win32-x86_64\bin\nio.dll
Event: 0.439 Loaded shared library C:\Users\ENOC\.vscode\extensions\redhat.java-1.53.0-win32-x64\jre\21.0.10-win32-x86_64\bin\zip.dll
Event: 0.503 Loaded shared library C:\Users\ENOC\.vscode\extensions\redhat.java-1.53.0-win32-x64\jre\21.0.10-win32-x86_64\bin\jimage.dll
Event: 0.724 Loaded shared library c:\Users\ENOC\.vscode\extensions\redhat.java-1.53.0-win32-x64\jre\21.0.10-win32-x86_64\bin\verify.dll
Event: 7.675 Loaded shared library C:\Users\ENOC\AppData\Roaming\Code\User\globalStorage\redhat.java\1.53.0\config_ss_win\org.eclipse.equinox.launcher\org.eclipse.equinox.launcher.win32.win32.x86_64_1.3.0.v20260203-2149\eclipse_11919.dll
Event: 17.990 Loaded shared library C:\Users\ENOC\AppData\Local\Temp\jna-2133053\jna10775146944719855091.dll

Deoptimization events (20 events):
Event: 9.748 Thread 0x000002c59cebb3d0 Uncommon trap: trap_request=0xffffff45 fr.pc=0x000002c54ddb60b8 relative=0x0000000000000978
Event: 9.748 Thread 0x000002c59cebb3d0 Uncommon trap: reason=unstable_if action=reinterpret pc=0x000002c54ddb60b8 method=java.io.BufferedInputStream.implRead([BII)I @ 55 c2
Event: 9.748 Thread 0x000002c59cebb3d0 DEOPT PACKING pc=0x000002c54ddb60b8 sp=0x000000efaedf94c0
Event: 9.748 Thread 0x000002c59cebb3d0 DEOPT UNPACKING pc=0x000002c54d7a3aa2 sp=0x000000efaedf93f8 mode 2
Event: 9.748 Thread 0x000002c59cebb3d0 Uncommon trap: trap_request=0xffffff45 fr.pc=0x000002c54ddc68a8 relative=0x0000000000000168
Event: 9.748 Thread 0x000002c59cebb3d0 Uncommon trap: reason=unstable_if action=reinterpret pc=0x000002c54ddc68a8 method=java.io.DataInputStream.readFully([BII)V @ 37 c2
Event: 9.748 Thread 0x000002c59cebb3d0 DEOPT PACKING pc=0x000002c54ddc68a8 sp=0x000000efaedf9590
Event: 9.748 Thread 0x000002c59cebb3d0 DEOPT UNPACKING pc=0x000002c54d7a3aa2 sp=0x000000efaedf9520 mode 2
Event: 11.803 Thread 0x000002c59cebb3d0 Uncommon trap: trap_request=0xffffff45 fr.pc=0x000002c54dda5d6c relative=0x000000000000004c
Event: 11.803 Thread 0x000002c59cebb3d0 Uncommon trap: reason=unstable_if action=reinterpret pc=0x000002c54dda5d6c method=sun.nio.fs.WindowsPathParser.isSlash(C)Z @ 9 c2
Event: 11.803 Thread 0x000002c59cebb3d0 DEOPT PACKING pc=0x000002c54dda5d6c sp=0x000000efaedf9210
Event: 12.814 Thread 0x000002c59cebb3d0 DEOPT UNPACKING pc=0x000002c54d7a3aa2 sp=0x000000efaedf9198 mode 2
Event: 13.098 Thread 0x000002c59cebb3d0 Uncommon trap: trap_request=0xffffff45 fr.pc=0x000002c54dd6f974 relative=0x00000000000005b4
Event: 13.098 Thread 0x000002c59cebb3d0 Uncommon trap: reason=unstable_if action=reinterpret pc=0x000002c54dd6f974 method=java.io.BufferedInputStream.implRead([BII)I @ 55 c2
Event: 13.098 Thread 0x000002c59cebb3d0 DEOPT PACKING pc=0x000002c54dd6f974 sp=0x000000efaedf90c0
Event: 13.098 Thread 0x000002c59cebb3d0 DEOPT UNPACKING pc=0x000002c54d7a3aa2 sp=0x000000efaedf9098 mode 2
Event: 13.727 Thread 0x000002c59cebb3d0 Uncommon trap: trap_request=0xffffff45 fr.pc=0x000002c54dd25e10 relative=0x0000000000000670
Event: 13.727 Thread 0x000002c59cebb3d0 Uncommon trap: reason=unstable_if action=reinterpret pc=0x000002c54dd25e10 method=java.lang.String.replace(Ljava/lang/CharSequence;Ljava/lang/CharSequence;)Ljava/lang/String; @ 42 c2
Event: 13.727 Thread 0x000002c59cebb3d0 DEOPT PACKING pc=0x000002c54dd25e10 sp=0x000000efaedf7980
Event: 13.727 Thread 0x000002c59cebb3d0 DEOPT UNPACKING pc=0x000002c54d7a3aa2 sp=0x000000efaedf7900 mode 2

Classes loaded (20 events):
Event: 17.996 Loading class java/nio/FloatBuffer
Event: 17.997 Loading class java/nio/FloatBuffer done
Event: 17.997 Loading class java/nio/DoubleBuffer
Event: 17.997 Loading class java/nio/DoubleBuffer done
Event: 17.999 Loading class jdk/internal/loader/NativeLibraries$Unloader
Event: 18.000 Loading class jdk/internal/loader/NativeLibraries$Unloader done
Event: 18.036 Loading class java/lang/annotation/Documented
Event: 18.036 Loading class java/lang/annotation/Documented done
Event: 18.041 Loading class java/lang/reflect/UndeclaredThrowableException
Event: 18.050 Loading class java/lang/reflect/UndeclaredThrowableException done
Event: 18.050 Loading class java/lang/Class$AnnotationData
Event: 18.051 Loading class java/lang/Class$AnnotationData done
Event: 18.053 Loading class jdk/internal/reflect/MethodHandleIntegerFieldAccessorImpl
Event: 18.053 Loading class jdk/internal/reflect/MethodHandleIntegerFieldAccessorImpl done
Event: 18.073 Loading class java/io/PrintWriter
Event: 18.074 Loading class java/io/PrintWriter done
Event: 18.091 Loading class jdk/internal/reflect/MethodHandleShortFieldAccessorImpl
Event: 18.092 Loading class jdk/internal/reflect/MethodHandleShortFieldAccessorImpl done
Event: 18.092 Loading class java/lang/Short$ShortCache
Event: 18.093 Loading class java/lang/Short$ShortCache done

Classes unloaded (0 events):
No events

Classes redefined (0 events):
No events

Internal exceptions (20 events):
Event: 7.864 Thread 0x000002c59cebb3d0 Exception <a 'java/lang/NullPointerException'{0x00000000d583c908}> (0x00000000d583c908) 
thrown [s\src\hotspot\share\interpreter\linkResolver.cpp, line 1372]
Event: 8.411 Thread 0x000002c59cebb3d0 Exception <a 'java/lang/NoSuchMethodError'{0x00000000d61347b0}: 'long java.lang.invoke.DirectMethodHandle$Holder.invokeSpecial(java.lang.Object, java.lang.Object)'> (0x00000000d61347b0) 
thrown [s\src\hotspot\share\interpreter\linkResolver.cpp, line 773]
Event: 8.536 Thread 0x000002c59cebb3d0 Exception <a 'java/io/FileNotFoundException'{0x00000000d63287c0}> (0x00000000d63287c0) 
thrown [s\src\hotspot\share\prims\jni.cpp, line 520]
Event: 8.731 Thread 0x000002c59cebb3d0 Exception <a 'java/lang/NoSuchMethodError'{0x00000000d6612200}: 'java.lang.Object java.lang.invoke.Invokers$Holder.linkToTargetMethod(java.lang.Object, long, java.lang.Object)'> (0x00000000d6612200) 
thrown [s\src\hotspot\share\interpreter\linkResolver.cpp, line 773]
Event: 8.883 Thread 0x000002c59cebb3d0 Exception <a 'java/lang/NoSuchMethodError'{0x00000000d699a158}: 'void java.lang.invoke.DirectMethodHandle$Holder.invokeInterface(java.lang.Object, java.lang.Object, java.lang.Object)'> (0x00000000d699a158) 
thrown [s\src\hotspot\share\interpreter\linkResolver.cpp, line 773]
Event: 8.980 Thread 0x000002c59cebb3d0 Exception <a 'java/lang/NoSuchMethodError'{0x00000000d6bab9e8}: 'void java.lang.invoke.Invokers$Holder.invokeExact_MT(java.lang.Object, java.lang.Object, java.lang.Object)'> (0x00000000d6bab9e8) 
thrown [s\src\hotspot\share\interpreter\linkResolver.cpp, line 773]
Event: 9.164 Thread 0x000002c59cebb3d0 Exception <a 'java/lang/NoSuchMethodError'{0x00000000d6e7a1f8}: 'java.lang.Object java.lang.invoke.DirectMethodHandle$Holder.invokeVirtual(java.lang.Object, java.lang.Object, java.lang.Object)'> (0x00000000d6e7a1f8) 
thrown [s\src\hotspot\share\interpreter\linkResolver.cpp, line 773]
Event: 9.179 Thread 0x000002c59cebb3d0 Exception <a 'java/lang/NoSuchMethodError'{0x00000000d5592bd8}: 'java.lang.Object java.lang.invoke.DelegatingMethodHandle$Holder.reinvoke_L(java.lang.Object, java.lang.Object, java.lang.Object, java.lang.Object, int, int)'> (0x00000000d5592bd8) 
thrown [s\src\hotspot\share\interpreter\linkResolver.cpp, line 773]
Event: 9.185 Thread 0x000002c59cebb3d0 Exception <a 'java/lang/NoSuchMethodError'{0x00000000d55af910}: 'java.lang.Object java.lang.invoke.DirectMethodHandle$Holder.newInvokeSpecial(java.lang.Object, java.lang.Object, java.lang.Object, java.lang.Object, java.lang.Object, java.lang.Object)'> (0x00000000d55af910) 
thrown [s\src\hotspot\share\interpreter\linkResolver.cpp, line 773]
Event: 9.194 Thread 0x000002c59cebb3d0 Exception <a 'java/lang/NoSuchMethodError'{0x00000000d5645b78}: 'void java.lang.invoke.Invokers$Holder.invokeExact_MT(java.lang.Object, java.lang.Object, java.lang.Object, java.lang.Object)'> (0x00000000d5645b78) 
thrown [s\src\hotspot\share\interpreter\linkResolver.cpp, line 773]
Event: 9.442 Thread 0x000002c59cebb3d0 Exception <a 'java/io/FileNotFoundException'{0x00000000d5a9c980}> (0x00000000d5a9c980) 
thrown [s\src\hotspot\share\prims\jni.cpp, line 520]
Event: 9.452 Thread 0x000002c59cebb3d0 Exception <a 'java/io/FileNotFoundException'{0x00000000d5ac74c8}> (0x00000000d5ac74c8) 
thrown [s\src\hotspot\share\prims\jni.cpp, line 520]
Event: 9.722 Thread 0x000002c59cebb3d0 Exception <a 'java/lang/NoSuchMethodError'{0x00000000d5d7bc78}: 'java.lang.Object java.lang.invoke.DirectMethodHandle$Holder.newInvokeSpecial(java.lang.Object, java.lang.Object, java.lang.Object, java.lang.Object, java.lang.Object)'> (0x00000000d5d7bc78) 
thrown [s\src\hotspot\share\interpreter\linkResolver.cpp, line 773]
Event: 12.950 Thread 0x000002c59cebb3d0 Exception <a 'java/lang/NoSuchMethodError'{0x00000000d5f4d6e8}: 'java.lang.Object java.lang.invoke.DirectMethodHandle$Holder.invokeStaticInit(java.lang.Object, int)'> (0x00000000d5f4d6e8) 
thrown [s\src\hotspot\share\interpreter\linkResolver.cpp, line 773]
Event: 13.829 Thread 0x000002c59cebb3d0 Exception <a 'java/lang/NoSuchMethodError'{0x00000000d622b048}: 'java.lang.Object java.lang.invoke.DirectMethodHandle$Holder.invokeStaticInit(java.lang.Object, int, int, int, int)'> (0x00000000d622b048) 
thrown [s\src\hotspot\share\interpreter\linkResolver.cpp, line 773]
Event: 16.245 Thread 0x000002c59cebb3d0 Exception <a 'java/lang/NoSuchMethodError'{0x00000000d62f5bc0}: 'java.lang.Object java.lang.invoke.DirectMethodHandle$Holder.invokeStaticInit(java.lang.Object, java.lang.Object, int, int, int, int)'> (0x00000000d62f5bc0) 
thrown [s\src\hotspot\share\interpreter\linkResolver.cpp, line 773]
Event: 18.053 Thread 0x000002c59cebb3d0 Exception <a 'java/lang/NoSuchMethodError'{0x00000000d63fc370}: 'void java.lang.invoke.DirectMethodHandle$Holder.invokeSpecial(java.lang.Object, java.lang.Object, java.lang.Object, int)'> (0x00000000d63fc370) 
thrown [s\src\hotspot\share\interpreter\linkResolver.cpp, line 773]
Event: 18.054 Thread 0x000002c59cebb3d0 Exception <a 'java/lang/NoSuchMethodError'{0x00000000d63ffd00}: 'void java.lang.invoke.DelegatingMethodHandle$Holder.reinvoke_L(java.lang.Object, java.lang.Object, int)'> (0x00000000d63ffd00) 
thrown [s\src\hotspot\share\interpreter\linkResolver.cpp, line 773]
Event: 18.056 Thread 0x000002c59cebb3d0 Exception <a 'java/lang/NoSuchMethodError'{0x00000000d64069e8}: 'int java.lang.invoke.Invokers$Holder.invokeExact_MT(java.lang.Object, java.lang.Object, java.lang.Object)'> (0x00000000d64069e8) 
thrown [s\src\hotspot\share\interpreter\linkResolver.cpp, line 773]
Event: 18.097 Thread 0x000002c59cebb3d0 Exception <a 'java/lang/NoSuchMethodError'{0x00000000d6519d18}: 'void java.lang.invoke.Invokers$Holder.invokeExact_MT(java.lang.Object, java.lang.Object, int, java.lang.Object)'> (0x00000000d6519d18) 
thrown [s\src\hotspot\share\interpreter\linkResolver.cpp, line 773]

ZGC Phase Switch (0 events):
No events

VM Operations (20 events):
Event: 9.322 Executing non-safepoint VM operation: HandshakeAllThreads (Deoptimize)
Event: 9.322 Executing non-safepoint VM operation: HandshakeAllThreads (Deoptimize) done
Event: 9.345 Executing non-safepoint VM operation: HandshakeAllThreads (Deoptimize)
Event: 9.346 Executing non-safepoint VM operation: HandshakeAllThreads (Deoptimize) done
Event: 9.420 Executing non-safepoint VM operation: HandshakeAllThreads (Deoptimize)
Event: 9.420 Executing non-safepoint VM operation: HandshakeAllThreads (Deoptimize) done
Event: 10.430 Executing safepoint VM operation: Cleanup
Event: 10.430 Executing safepoint VM operation: Cleanup done
Event: 11.442 Executing safepoint VM operation: Cleanup
Event: 11.802 Executing safepoint VM operation: Cleanup done
Event: 13.827 Executing safepoint VM operation: Cleanup
Event: 13.827 Executing safepoint VM operation: Cleanup done
Event: 14.839 Executing safepoint VM operation: Cleanup
Event: 14.854 Executing safepoint VM operation: Cleanup done
Event: 16.873 Executing safepoint VM operation: Cleanup
Event: 16.873 Executing safepoint VM operation: Cleanup done
Event: 18.018 Executing non-safepoint VM operation: HandshakeAllThreads (Deoptimize)
Event: 18.019 Executing non-safepoint VM operation: HandshakeAllThreads (Deoptimize) done
Event: 19.022 Executing safepoint VM operation: Cleanup
Event: 19.023 Executing safepoint VM operation: Cleanup done

Memory protections (0 events):
No events

Nmethod flushes (0 events):
No events

Events (17 events):
Event: 0.071 Thread 0x000002c5430263f0 Thread added: 0x000002c5430263f0
Event: 0.115 Thread 0x000002c5430263f0 Thread added: 0x000002c542f93f90
Event: 0.115 Thread 0x000002c5430263f0 Thread added: 0x000002c542f97ca0
Event: 0.116 Thread 0x000002c5430263f0 Thread added: 0x000002c542f9afa0
Event: 0.116 Thread 0x000002c5430263f0 Thread added: 0x000002c542f9bc00
Event: 0.116 Thread 0x000002c5430263f0 Thread added: 0x000002c542f9e770
Event: 0.116 Thread 0x000002c5430263f0 Thread added: 0x000002c542f9f1d0
Event: 0.116 Thread 0x000002c5430263f0 Thread added: 0x000002c542fa1f70
Event: 0.117 Thread 0x000002c5430263f0 Thread added: 0x000002c542fcc830
Event: 0.413 Thread 0x000002c5430263f0 Thread added: 0x000002c59c513710
Event: 0.963 Thread 0x000002c5430263f0 Thread added: 0x000002c59c62acd0
Event: 6.593 Thread 0x000002c5430263f0 Thread added: 0x000002c59cdfbfe0
Event: 7.599 Thread 0x000002c5430263f0 Thread added: 0x000002c59cebad60
Event: 7.617 Thread 0x000002c5430263f0 Thread added: 0x000002c59cebb3d0
Event: 8.139 Thread 0x000002c59cebb3d0 Thread added: 0x000002c59cad5290
Event: 8.900 Thread 0x000002c59cebb3d0 Thread added: 0x000002c5a12c0040
Event: 18.067 Thread 0x000002c59cebb3d0 Thread added: 0x000002c5a134a7f0


Dynamic libraries:
0x00007ff67d770000 - 0x00007ff67d77e000 	c:\Users\ENOC\.vscode\extensions\redhat.java-1.53.0-win32-x64\jre\21.0.10-win32-x86_64\bin\java.exe
0x00007ff830140000 - 0x00007ff8303a7000 	C:\WINDOWS\SYSTEM32\ntdll.dll
0x00007ff82f0a0000 - 0x00007ff82f169000 	C:\WINDOWS\System32\KERNEL32.DLL
0x00007ff82cae0000 - 0x00007ff82ced1000 	C:\WINDOWS\System32\KERNELBASE.dll
0x00007ff82cee0000 - 0x00007ff82d02b000 	C:\WINDOWS\System32\ucrtbase.dll
0x00007ff811880000 - 0x00007ff811898000 	c:\Users\ENOC\.vscode\extensions\redhat.java-1.53.0-win32-x64\jre\21.0.10-win32-x86_64\bin\jli.dll
0x00007ff82f170000 - 0x00007ff82f335000 	C:\WINDOWS\System32\USER32.dll
0x00007ff810230000 - 0x00007ff81024e000 	c:\Users\ENOC\.vscode\extensions\redhat.java-1.53.0-win32-x64\jre\21.0.10-win32-x86_64\bin\VCRUNTIME140.dll
0x00007ff82cab0000 - 0x00007ff82cad7000 	C:\WINDOWS\System32\win32u.dll
0x00007ff82e9e0000 - 0x00007ff82ea0b000 	C:\WINDOWS\System32\GDI32.dll
0x00007ff82d1b0000 - 0x00007ff82d2db000 	C:\WINDOWS\System32\gdi32full.dll
0x00007ff8129b0000 - 0x00007ff812c43000 	C:\WINDOWS\WinSxS\amd64_microsoft.windows.common-controls_6595b64144ccf1df_6.0.26100.8037_none_3e092faae333b53b\COMCTL32.dll
0x00007ff82fe70000 - 0x00007ff82ff19000 	C:\WINDOWS\System32\msvcrt.dll
0x00007ff82d450000 - 0x00007ff82d4f3000 	C:\WINDOWS\System32\msvcp_win.dll
0x00007ff82ebc0000 - 0x00007ff82ebf1000 	C:\WINDOWS\System32\IMM32.DLL
0x00007ff828060000 - 0x00007ff82806c000 	c:\Users\ENOC\.vscode\extensions\redhat.java-1.53.0-win32-x64\jre\21.0.10-win32-x86_64\bin\vcruntime140_1.dll
0x00007fffa4ff0000 - 0x00007fffa507d000 	c:\Users\ENOC\.vscode\extensions\redhat.java-1.53.0-win32-x64\jre\21.0.10-win32-x86_64\bin\msvcp140.dll
0x00007fff57630000 - 0x00007fff583d1000 	c:\Users\ENOC\.vscode\extensions\redhat.java-1.53.0-win32-x64\jre\21.0.10-win32-x86_64\bin\server\jvm.dll
0x00007ff82f360000 - 0x00007ff82f41b000 	C:\WINDOWS\System32\ADVAPI32.dll
0x00007ff82ea10000 - 0x00007ff82eab7000 	C:\WINDOWS\System32\sechost.dll
0x00007ff82fc70000 - 0x00007ff82fd88000 	C:\WINDOWS\System32\RPCRT4.dll
0x00007ff82e960000 - 0x00007ff82e9d4000 	C:\WINDOWS\System32\WS2_32.dll
0x00007ff82c880000 - 0x00007ff82c8de000 	C:\WINDOWS\SYSTEM32\POWRPROF.dll
0x00007ff825b60000 - 0x00007ff825b95000 	C:\WINDOWS\SYSTEM32\WINMM.dll
0x00007ff826430000 - 0x00007ff82643b000 	C:\WINDOWS\SYSTEM32\VERSION.dll
0x00007ff82c860000 - 0x00007ff82c874000 	C:\WINDOWS\SYSTEM32\UMPDC.dll
0x00007ff82b770000 - 0x00007ff82b78b000 	C:\WINDOWS\SYSTEM32\kernel.appcore.dll
0x00007ff813310000 - 0x00007ff81331a000 	c:\Users\ENOC\.vscode\extensions\redhat.java-1.53.0-win32-x64\jre\21.0.10-win32-x86_64\bin\jimage.dll
0x00007ff81ee90000 - 0x00007ff81f0d2000 	C:\WINDOWS\SYSTEM32\DBGHELP.DLL
0x00007ff82e3b0000 - 0x00007ff82e732000 	C:\WINDOWS\System32\combase.dll
0x00007ff82f420000 - 0x00007ff82f4f7000 	C:\WINDOWS\System32\OLEAUT32.dll
0x00007ff80ecc0000 - 0x00007ff80ecfb000 	C:\WINDOWS\SYSTEM32\dbgcore.DLL
0x00007ff82d2e0000 - 0x00007ff82d385000 	C:\WINDOWS\System32\bcryptPrimitives.dll
0x00007ff810210000 - 0x00007ff81021f000 	c:\Users\ENOC\.vscode\extensions\redhat.java-1.53.0-win32-x64\jre\21.0.10-win32-x86_64\bin\instrument.dll
0x00007ff80f030000 - 0x00007ff80f050000 	c:\Users\ENOC\.vscode\extensions\redhat.java-1.53.0-win32-x64\jre\21.0.10-win32-x86_64\bin\java.dll
0x00007ff82f500000 - 0x00007ff82fc5f000 	C:\WINDOWS\System32\SHELL32.dll
0x00007ff82d500000 - 0x00007ff82d66a000 	C:\WINDOWS\System32\wintypes.dll
0x00007ff82d670000 - 0x00007ff82ded4000 	C:\WINDOWS\System32\windows.storage.dll
0x00007ff82eac0000 - 0x00007ff82ebb7000 	C:\WINDOWS\System32\SHCORE.dll
0x00007ff82e740000 - 0x00007ff82e7a7000 	C:\WINDOWS\System32\shlwapi.dll
0x00007ff82c940000 - 0x00007ff82c969000 	C:\WINDOWS\SYSTEM32\profapi.dll
0x00007ff80e770000 - 0x00007ff80e788000 	c:\Users\ENOC\.vscode\extensions\redhat.java-1.53.0-win32-x64\jre\21.0.10-win32-x86_64\bin\zip.dll
0x00007ff813300000 - 0x00007ff813310000 	C:\Users\ENOC\.vscode\extensions\redhat.java-1.53.0-win32-x64\jre\21.0.10-win32-x86_64\bin\net.dll
0x00007ff8261c0000 - 0x00007ff8262e7000 	C:\WINDOWS\SYSTEM32\WINHTTP.dll
0x00007ff82bcc0000 - 0x00007ff82bd2b000 	C:\WINDOWS\system32\mswsock.dll
0x00007ffff9db0000 - 0x00007ffff9dc6000 	C:\Users\ENOC\.vscode\extensions\redhat.java-1.53.0-win32-x64\jre\21.0.10-win32-x86_64\bin\nio.dll
0x00007ff80e850000 - 0x00007ff80e860000 	c:\Users\ENOC\.vscode\extensions\redhat.java-1.53.0-win32-x64\jre\21.0.10-win32-x86_64\bin\verify.dll
0x00007fffc91c0000 - 0x00007fffc9205000 	C:\Users\ENOC\AppData\Roaming\Code\User\globalStorage\redhat.java\1.53.0\config_ss_win\org.eclipse.equinox.launcher\org.eclipse.equinox.launcher.win32.win32.x86_64_1.3.0.v20260203-2149\eclipse_11919.dll
0x00007ff82e7c0000 - 0x00007ff82e955000 	C:\WINDOWS\System32\ole32.dll
0x00007ff82c0c0000 - 0x00007ff82c0db000 	C:\WINDOWS\SYSTEM32\CRYPTSP.dll
0x00007ff82b6d0000 - 0x00007ff82b709000 	C:\WINDOWS\system32\rsaenh.dll
0x00007ff82bd70000 - 0x00007ff82bda2000 	C:\WINDOWS\SYSTEM32\USERENV.dll
0x00007ff82c910000 - 0x00007ff82c93a000 	C:\WINDOWS\SYSTEM32\bcrypt.dll
0x00007ff82bf20000 - 0x00007ff82bf2c000 	C:\WINDOWS\SYSTEM32\CRYPTBASE.dll
0x00007ff82b160000 - 0x00007ff82b193000 	C:\WINDOWS\SYSTEM32\IPHLPAPI.DLL
0x00007ff82ec00000 - 0x00007ff82ec0a000 	C:\WINDOWS\System32\NSI.dll
0x00007fffbc110000 - 0x00007fffbc159000 	C:\Users\ENOC\AppData\Local\Temp\jna-2133053\jna10775146944719855091.dll
0x00007ff82e170000 - 0x00007ff82e178000 	C:\WINDOWS\System32\PSAPI.DLL

JVMTI agents:
c:\Users\ENOC\.vscode\extensions\redhat.java-1.53.0-win32-x64\lombok\lombok-1.18.39-4050.jar path:c:\Users\ENOC\.vscode\extensions\redhat.java-1.53.0-win32-x64\jre\21.0.10-win32-x86_64\bin\instrument.dll, loaded, initialized, instrumentlib options:none

dbghelp: loaded successfully - version: 4.0.5 - missing functions: none
symbol engine: initialized successfully - sym options: 0x614 - pdb path: .;c:\Users\ENOC\.vscode\extensions\redhat.java-1.53.0-win32-x64\jre\21.0.10-win32-x86_64\bin;C:\WINDOWS\SYSTEM32;C:\WINDOWS\WinSxS\amd64_microsoft.windows.common-controls_6595b64144ccf1df_6.0.26100.8037_none_3e092faae333b53b;c:\Users\ENOC\.vscode\extensions\redhat.java-1.53.0-win32-x64\jre\21.0.10-win32-x86_64\bin\server;C:\Users\ENOC\AppData\Roaming\Code\User\globalStorage\redhat.java\1.53.0\config_ss_win\org.eclipse.equinox.launcher\org.eclipse.equinox.launcher.win32.win32.x86_64_1.3.0.v20260203-2149;C:\Users\ENOC\AppData\Local\Temp\jna-2133053

VM Arguments:
jvm_args: --add-modules=ALL-SYSTEM --add-opens=java.base/java.util=ALL-UNNAMED --add-opens=java.base/java.lang=ALL-UNNAMED --add-opens=java.base/sun.nio.fs=ALL-UNNAMED -Declipse.application=org.eclipse.jdt.ls.core.id1 -Dosgi.bundles.defaultStartLevel=4 -Declipse.product=org.eclipse.jdt.ls.core.product -Djava.import.generatesMetadataFilesAtProjectRoot=false -DDetectVMInstallationsJob.disabled=true -Dfile.encoding=utf8 -XX:+UseParallelGC -XX:GCTimeRatio=4 -XX:AdaptiveSizePolicyWeight=90 -Dsun.zip.disableMemoryMapping=true -Xmx2G -Xms100m -Xlog:disable -javaagent:c:\Users\ENOC\.vscode\extensions\redhat.java-1.53.0-win32-x64\lombok\lombok-1.18.39-4050.jar 
java_command: c:\Users\ENOC\.vscode\extensions\redhat.java-1.53.0-win32-x64\server\plugins\org.eclipse.equinox.launcher_1.7.100.v20251111-0406.jar -configuration c:\Users\ENOC\AppData\Roaming\Code\User\globalStorage\redhat.java\1.53.0\config_ss_win -data c:\Users\ENOC\AppData\Roaming\Code\User\workspaceStorage\6ec05ceb88eea0f81ea9197d5d668666\redhat.java\ss_ws --pipe=\\.\pipe\lsp-3f3971a70053dd090a90dca36c165cfc-sock
java_class_path (initial): c:\Users\ENOC\.vscode\extensions\redhat.java-1.53.0-win32-x64\server\plugins\org.eclipse.equinox.launcher_1.7.100.v20251111-0406.jar
Launcher Type: SUN_STANDARD

[Global flags]
    uintx AdaptiveSizePolicyWeight                 = 90                                        {product} {command line}
     intx CICompilerCount                          = 4                                         {product} {ergonomic}
    uintx GCTimeRatio                              = 4                                         {product} {command line}
   size_t InitialHeapSize                          = 104857600                                 {product} {command line}
   size_t MaxHeapSize                              = 2147483648                                {product} {command line}
   size_t MaxNewSize                               = 715653120                                 {product} {ergonomic}
   size_t MinHeapDeltaBytes                        = 524288                                    {product} {ergonomic}
   size_t MinHeapSize                              = 104857600                                 {product} {command line}
   size_t NewSize                                  = 34603008                                  {product} {ergonomic}
    uintx NonNMethodCodeHeapSize                   = 5839372                                {pd product} {ergonomic}
    uintx NonProfiledCodeHeapSize                  = 122909434                              {pd product} {ergonomic}
   size_t OldSize                                  = 70254592                                  {product} {ergonomic}
    uintx ProfiledCodeHeapSize                     = 122909434                              {pd product} {ergonomic}
    uintx ReservedCodeCacheSize                    = 251658240                              {pd product} {ergonomic}
     bool SegmentedCodeCache                       = true                                      {product} {ergonomic}
   size_t SoftMaxHeapSize                          = 2147483648                             {manageable} {ergonomic}
     bool UseCompressedOops                        = true                           {product lp64_product} {ergonomic}
     bool UseLargePagesIndividualAllocation        = false                                  {pd product} {ergonomic}
     bool UseParallelGC                            = true                                      {product} {command line}

Logging:
Log output configuration:
 #0: stdout all=off uptime,level,tags foldmultilines=false
 #1: stderr all=off uptime,level,tags foldmultilines=false

Release file:
JAVA_VERSION="21.0.10" 
MODULES="java.base java.compiler java.datatransfer java.xml java.prefs java.desktop java.instrument java.logging java.management java.security.sasl java.naming java.rmi java.management.rmi java.net.http java.scripting java.security.jgss java.transaction.xa java.sql java.sql.rowset java.xml.crypto java.se java.smartcardio jdk.accessibility jdk.internal.jvmstat jdk.attach jdk.charsets jdk.internal.opt jdk.zipfs jdk.compiler jdk.crypto.ec jdk.crypto.cryptoki jdk.crypto.mscapi jdk.dynalink jdk.internal.ed jdk.editpad jdk.hotspot.agent jdk.httpserver jdk.internal.le jdk.internal.vm.ci jdk.internal.vm.compiler jdk.internal.vm.compiler.management jdk.jartool jdk.javadoc jdk.jcmd jdk.management jdk.management.agent jdk.jconsole jdk.jdeps jdk.jdwp.agent jdk.jdi jdk.jfr jdk.jshell jdk.jsobject jdk.jstatd jdk.localedata jdk.management.jfr jdk.naming.dns jdk.naming.rmi jdk.net jdk.nio.mapmode jdk.random jdk.sctp jdk.security.auth jdk.security.jgss jdk.unsupported jdk.unsupported.desktop jdk.xml.dom" 

Environment Variables:
JAVA_HOME=C:\Program Files\Java\jdk-17
PATH=C:\Users\ENOC\AppData\Local\Programs\Microsoft VS Code;C:\Program Files (x86)\VMware\VMware Workstation\bin\;C:\WINDOWS\system32;C:\WINDOWS;C:\WINDOWS\System32\Wbem;C:\WINDOWS\System32\WindowsPowerShell\v1.0\;C:\WINDOWS\System32\OpenSSH\;C:\Program Files\Microsoft SQL Server\Client SDK\ODBC\170\Tools\Binn\;C:\Program Files\dotnet\;C:\Program Files (x86)\Windows Kits\10\Windows Performance Toolkit\;C:\Program Files (x86)\Microsoft SQL Server\150\Tools\Binn\;C:\Program Files\Microsoft SQL Server\150\Tools\Binn\;C:\Program Files\Microsoft SQL Server\150\DTS\Binn\;C:\Program Files (x86)\Microsoft SQL Server\160\DTS\Binn\;C:\Program Files (x86)\jdk-11.0.26_windows-x64_bin;C:\Program Files\Git\cmd;C:\Program Files\nodejs\;C:\Program Files\Docker\Docker\resources\bin;C:\Users\ENOC\apache-maven-3.9.11\bin;C:\Program Files\Java\jdk-17\bin;C:\Users\ENOC\Redis-x64-5.0.14.1;C:\Users\ENOC\Downloads\gradle-9.1.0-bin\gradle-9.1.0\bin;C:\Program Files\Java\jdk-17\bin;D:\Intalador de Jenkins\jdk-21.0.1+12;C:\Program Files\Amazon\AWSCLIV2\;C:\Users\ENOC\AppData\Local\Programs\Python\Python314\;C:\Users\ENOC\AppData\Local\Programs\Python\Python314\Scripts\;C:\Users\ENOC\AppData\Local\Programs\Python\Python314\Scripts\;C:\Users\ENOC\AppData\Local\Programs\Python\Python314\;C:\Users\ENOC\AppData\Local\Programs\Python\Launcher\;C:\Users\ENOC\scoop\shims;C:\Program Files\Microsoft Visual Studio\2022\Community\DIA SDK\bin;C:\Program Files\nodejs;C:\Users\ENOC\AppData\Local\Programs\Microsoft VS Code\bin;C:\Users\ENOC\.dotnet\tools;C:\Users\ENOC\AppData\Local\Microsoft\WindowsApps;C:\Users\ENOC\AppData\Local\Microsoft\WinGet\Packages\Schniz.fnm_Microsoft.Winget.Source_8wekyb3d8bbwe;C:\Users\ENOC\node-v22.15.0-win-x64\node-v22.15.0-win-x64;C:\Users\ENOC\AppData\Roaming\npm;C:\Program Files\JetBrains\IntelliJ IDEA Community Edition 2025.1.2\bin;
USERNAME=ENOC
OS=Windows_NT
PROCESSOR_IDENTIFIER=AMD64 Family 23 Model 104 Stepping 1, AuthenticAMD
TMP=C:\Users\ENOC\AppData\Local\Temp
TEMP=C:\Users\ENOC\AppData\Local\Temp




Periodic native trim disabled

---------------  S Y S T E M  ---------------

OS:
 Windows 11 , 64 bit Build 26100 (10.0.26100.7920)
OS uptime: 14 days 7:12 hours
Hyper-V role detected

CPU: total 8 (initial active 8) (8 cores per cpu, 2 threads per core) family 23 model 104 stepping 1 microcode 0x8608107, cx8, cmov, fxsr, ht, mmx, 3dnowpref, sse, sse2, sse3, ssse3, sse4a, sse4.1, sse4.2, popcnt, lzcnt, tsc, tscinvbit, avx, avx2, aes, clmul, bmi1, bmi2, adx, sha, fma, vzeroupper, clflush, clflushopt, hv, rdtscp, rdpid, f16c
Processor Information for processor 0
  Max Mhz: 2600, Current Mhz: 2600, Mhz Limit: 2600
Processor Information for processor 1
  Max Mhz: 2600, Current Mhz: 2600, Mhz Limit: 2600
Processor Information for processor 2
  Max Mhz: 2600, Current Mhz: 2600, Mhz Limit: 2600
Processor Information for processor 3
  Max Mhz: 2600, Current Mhz: 2600, Mhz Limit: 2600
Processor Information for processor 4
  Max Mhz: 2600, Current Mhz: 2080, Mhz Limit: 2600
Processor Information for processor 5
  Max Mhz: 2600, Current Mhz: 2600, Mhz Limit: 2600
Processor Information for processor 6
  Max Mhz: 2600, Current Mhz: 2600, Mhz Limit: 2600
Processor Information for processor 7
  Max Mhz: 2600, Current Mhz: 2600, Mhz Limit: 2600

Memory: 4k page, system-wide physical 7502M (388M free)
TotalPageFile size 30030M (AvailPageFile size 23M)
current process WorkingSet (physical memory assigned to process): 90M, peak: 97M
current process commit charge ("private bytes"): 252M, peak: 253M

vm_info: OpenJDK 64-Bit Server VM (21.0.10+7-LTS) for windows-amd64 JRE (21.0.10+7-LTS), built on 2026-01-20T00:00:00Z by "admin" with MS VC++ 17.12 (VS2022)

END.
