#
# There is insufficient memory for the Java Runtime Environment to continue.
# Native memory allocation (malloc) failed to allocate 1048576 bytes. Error detail: AllocateHeap
# Possible reasons:
#   The system is out of physical RAM or swap space
#   This process is running with CompressedOops enabled, and the Java Heap may be blocking the growth of the native heap
# Possible solutions:
#   Reduce memory load on the system
#   Increase physical memory or swap space
#   Check if swap backing store is full
#   Decrease Java heap size (-Xmx/-Xms)
#   Decrease number of Java threads
#   Decrease Java thread stack sizes (-Xss)
#   Set larger code cache with -XX:ReservedCodeCacheSize=
#   JVM is running with Unscaled Compressed Oops mode in which the Java heap is
#     placed in the first 4GB address space. The Java Heap base address is the
#     maximum limit for the native heap growth. Please use -XX:HeapBaseMinAddress
#     to set the Java Heap base and to place the Java Heap above 4GB virtual address.
# This output file may be truncated or incomplete.
#
#  Out of Memory Error (allocation.cpp:44), pid=1828, tid=38724
#
# JRE version:  (21.0.10+7) (build )
# Java VM: OpenJDK 64-Bit Server VM (21.0.10+7-LTS, mixed mode, sharing, tiered, compressed oops, compressed class ptrs, parallel gc, windows-amd64)
# No core dump will be written. Minidumps are not enabled by default on client versions of Windows
#

---------------  S U M M A R Y ------------

Command Line: --add-modules=ALL-SYSTEM --add-opens=java.base/java.util=ALL-UNNAMED --add-opens=java.base/java.lang=ALL-UNNAMED --add-opens=java.base/sun.nio.fs=ALL-UNNAMED -Declipse.application=org.eclipse.jdt.ls.core.id1 -Dosgi.bundles.defaultStartLevel=4 -Declipse.product=org.eclipse.jdt.ls.core.product -Djava.import.generatesMetadataFilesAtProjectRoot=false -DDetectVMInstallationsJob.disabled=true -Dfile.encoding=utf8 -XX:+UseParallelGC -XX:GCTimeRatio=4 -XX:AdaptiveSizePolicyWeight=90 -Dsun.zip.disableMemoryMapping=true -Xmx2G -Xms100m -Xlog:disable -javaagent:c:\Users\ENOC\.vscode\extensions\redhat.java-1.53.0-win32-x64\lombok\lombok-1.18.39-4050.jar -XX:+HeapDumpOnOutOfMemoryError -XX:HeapDumpPath=c:\Users\ENOC\AppData\Roaming\Code\User\workspaceStorage\6ec05ceb88eea0f81ea9197d5d668666\redhat.java -Daether.dependencyCollector.impl=bf c:\Users\ENOC\.vscode\extensions\redhat.java-1.53.0-win32-x64\server\plugins\org.eclipse.equinox.launcher_1.7.100.v20251111-0406.jar -configuration c:\Users\ENOC\AppData\Roaming\Code\User\globalStorage\redhat.java\1.53.0\config_win -data c:\Users\ENOC\AppData\Roaming\Code\User\workspaceStorage\6ec05ceb88eea0f81ea9197d5d668666\redhat.java\jdt_ws --pipe=\\.\pipe\lsp-4c799c071691e845cc319d894b5b40b3-sock

Host: AMD Ryzen 3 5300U with Radeon Graphics         , 8 cores, 7G,  Windows 11 , 64 bit Build 26100 (10.0.26100.7920)
Time: Wed Apr  8 16:27:28 2026 Hora est. Pac璗ico, Sudam廨ica elapsed time: 3.307955 seconds (0d 0h 0m 3s)

---------------  T H R E A D  ---------------

Current thread (0x000002531a43fba0):  JavaThread "Unknown thread" [_thread_in_vm, id=38724, stack(0x000000f7eee00000,0x000000f7eef00000) (1024K)]

Stack: [0x000000f7eee00000,0x000000f7eef00000]
Native frames: (J=compiled Java code, j=interpreted, Vv=VM code, C=native code)
V  [jvm.dll+0x6d7a39]
V  [jvm.dll+0x8b4b26]
V  [jvm.dll+0x8b70de]
V  [jvm.dll+0x8b77c3]
V  [jvm.dll+0x284346]
V  [jvm.dll+0xc1277]
V  [jvm.dll+0x70bbd0]
V  [jvm.dll+0x70c73c]
V  [jvm.dll+0x6e65d3]
V  [jvm.dll+0x87f17c]
V  [jvm.dll+0x3c49fc]
V  [jvm.dll+0x867e6b]
V  [jvm.dll+0x457b31]
V  [jvm.dll+0x459721]
C  [jli.dll+0x52d0]
C  [ucrtbase.dll+0x37b0]
C  [KERNEL32.DLL+0x2e8d7]
C  [ntdll.dll+0x8c48c]


---------------  P R O C E S S  ---------------

Threads class SMR info:
_java_thread_list=0x000002531a46a5d0, length=1, elements={
0x000002531a43fba0
}

Java Threads: ( => current thread )
=>0x000002531a43fba0 JavaThread "Unknown thread"             [_thread_in_vm, id=38724, stack(0x000000f7eee00000,0x000000f7eef00000) (1024K)]
Total: 1

Other Threads:
  0x000002531a2cca00 WatcherThread "VM Periodic Task Thread"        [id=37984, stack(0x000000f7ef000000,0x000000f7ef100000) (1024K)]
  0x000002531a45ddb0 WorkerThread "GC Thread#0"                     [id=37116, stack(0x000000f7eef00000,0x000000f7ef000000) (1024K)]
Total: 2

Threads with active compile tasks:
Total: 0

VM state: not at safepoint (normal execution)

VM Mutex/Monitor currently owned by a thread: None

Heap address: 0x0000000080000000, size: 2048 MB, Compressed Oops mode: 32-bit

CDS archive(s) mapped at: [0x0000025331000000-0x0000025331ba0000-0x0000025331ba0000), size 12189696, SharedBaseAddress: 0x0000025331000000, ArchiveRelocationMode: 1.
Compressed class space mapped at: 0x0000025332000000-0x0000025372000000, reserved size: 1073741824
Narrow klass base: 0x0000025331000000, Narrow klass shift: 0, Narrow klass range: 0x100000000

GC Precious Log:
 CardTable entry size: 512
 CPUs: 8 total, 8 available
 Memory: 7502M
 Large Page Support: Disabled
 NUMA Support: Disabled
 Compressed Oops: Enabled (32-bit)
 Alignments: Space 512K, Generation 512K, Heap 2M
 Heap Min Capacity: 100M
 Heap Initial Capacity: 100M
 Heap Max Capacity: 2G
 Pre-touch: Disabled
 Parallel Workers: 8

Heap:
 PSYoungGen      total 29696K, used 512K [0x00000000d5580000, 0x00000000d7680000, 0x0000000100000000)
  eden space 25600K, 2% used [0x00000000d5580000,0x00000000d5600020,0x00000000d6e80000)
  from space 4096K, 0% used [0x00000000d7280000,0x00000000d7280000,0x00000000d7680000)
  to   space 4096K, 0% used [0x00000000d6e80000,0x00000000d6e80000,0x00000000d7280000)
 ParOldGen       total 68608K, used 0K [0x0000000080000000, 0x0000000084300000, 0x00000000d5580000)
  object space 68608K, 0% used [0x0000000080000000,0x0000000080000000,0x0000000084300000)
 Metaspace       used 0K, committed 0K, reserved 1048576K
  class space    used 0K, committed 0K, reserved 1048576K

Card table byte_map: [0x0000025319de0000,0x000002531a1f0000] _byte_map_base: 0x00000253199e0000

Marking Bits: (ParMarkBitMap*) 0x00007fff582f3450
 Begin Bits: [0x000002532c8f0000, 0x000002532e8f0000)
 End Bits:   [0x000002532e8f0000, 0x00000253308f0000)

Polling page: 0x0000025318490000

Metaspace:

Usage:
  Non-class:      0 bytes used.
      Class:      0 bytes used.
       Both:      0 bytes used.

Virtual space:
  Non-class space:        0 bytes reserved,       0 bytes (  ?%) committed,  0 nodes.
      Class space:        1.00 GB reserved,       0 bytes (  0%) committed,  1 nodes.
             Both:        1.00 GB reserved,       0 bytes (  0%) committed. 

Chunk freelists:
   Non-Class:  0 bytes
       Class:  16.00 MB
        Both:  16.00 MB

MaxMetaspaceSize: unlimited
CompressedClassSpaceSize: 1.00 GB
Initial GC threshold: 21.00 MB
Current GC threshold: 17179869184.00 GB
CDS: on
 - commit_granule_bytes: 65536.
 - commit_granule_words: 8192.
 - virtual_space_node_default_size: 8388608.
 - enlarge_chunks_in_place: 1.
 - use_allocation_guard: 0.


Internal statistics:

num_allocs_failed_limit: 0.
num_arena_births: 0.
num_arena_deaths: 0.
num_vsnodes_births: 1.
num_vsnodes_deaths: 0.
num_space_committed: 0.
num_space_uncommitted: 0.
num_chunks_returned_to_freelist: 0.
num_chunks_taken_from_freelist: 1.
num_chunk_merges: 0.
num_chunk_splits: 1.
num_chunks_enlarged: 0.
num_inconsistent_stats: 0.

CodeHeap 'non-profiled nmethods': size=120000Kb used=0Kb max_used=0Kb free=120000Kb
 bounds [0x0000025325110000, 0x0000025325380000, 0x000002532c640000]
CodeHeap 'profiled nmethods': size=120000Kb used=0Kb max_used=0Kb free=120000Kb
 bounds [0x000002531d640000, 0x000002531d8b0000, 0x0000025324b70000]
CodeHeap 'non-nmethods': size=5760Kb used=194Kb max_used=342Kb free=5565Kb
 bounds [0x0000025324b70000, 0x0000025324de0000, 0x0000025325110000]
CodeCache: size=245760Kb, used=194Kb, max_used=342Kb, free=245565Kb
 total_blobs=70, nmethods=0, adapters=48, full_count=0
Compilation: enabled, stopped_count=0, restarted_count=0

Compilation events (0 events):
No events

GC Heap History (0 events):
No events

Dll operation events (1 events):
Event: 0.025 Loaded shared library c:\Users\ENOC\.vscode\extensions\redhat.java-1.53.0-win32-x64\jre\21.0.10-win32-x86_64\bin\java.dll

Deoptimization events (0 events):
No events

Classes loaded (0 events):
No events

Classes unloaded (0 events):
No events

Classes redefined (0 events):
No events

Internal exceptions (0 events):
No events

ZGC Phase Switch (0 events):
No events

VM Operations (0 events):
No events

Memory protections (0 events):
No events

Nmethod flushes (0 events):
No events

Events (1 events):
Event: 2.238 Thread 0x000002531a43fba0 Thread added: 0x000002531a43fba0


Dynamic libraries:
0x00007ff67d770000 - 0x00007ff67d77e000 	c:\Users\ENOC\.vscode\extensions\redhat.java-1.53.0-win32-x64\jre\21.0.10-win32-x86_64\bin\java.exe
0x00007ff830140000 - 0x00007ff8303a7000 	C:\WINDOWS\SYSTEM32\ntdll.dll
0x00007ff82f0a0000 - 0x00007ff82f169000 	C:\WINDOWS\System32\KERNEL32.DLL
0x00007ff82cae0000 - 0x00007ff82ced1000 	C:\WINDOWS\System32\KERNELBASE.dll
0x00007ff82cee0000 - 0x00007ff82d02b000 	C:\WINDOWS\System32\ucrtbase.dll
0x00007ff810230000 - 0x00007ff81024e000 	c:\Users\ENOC\.vscode\extensions\redhat.java-1.53.0-win32-x64\jre\21.0.10-win32-x86_64\bin\VCRUNTIME140.dll
0x00007ff811880000 - 0x00007ff811898000 	c:\Users\ENOC\.vscode\extensions\redhat.java-1.53.0-win32-x64\jre\21.0.10-win32-x86_64\bin\jli.dll
0x00007ff82f170000 - 0x00007ff82f335000 	C:\WINDOWS\System32\USER32.dll
0x00007ff82cab0000 - 0x00007ff82cad7000 	C:\WINDOWS\System32\win32u.dll
0x00007ff82e9e0000 - 0x00007ff82ea0b000 	C:\WINDOWS\System32\GDI32.dll
0x00007ff82d1b0000 - 0x00007ff82d2db000 	C:\WINDOWS\System32\gdi32full.dll
0x00007ff82d450000 - 0x00007ff82d4f3000 	C:\WINDOWS\System32\msvcp_win.dll
0x00007ff8129b0000 - 0x00007ff812c43000 	C:\WINDOWS\WinSxS\amd64_microsoft.windows.common-controls_6595b64144ccf1df_6.0.26100.8037_none_3e092faae333b53b\COMCTL32.dll
0x00007ff82fe70000 - 0x00007ff82ff19000 	C:\WINDOWS\System32\msvcrt.dll
0x00007ff82ebc0000 - 0x00007ff82ebf1000 	C:\WINDOWS\System32\IMM32.DLL
0x00007ff828060000 - 0x00007ff82806c000 	c:\Users\ENOC\.vscode\extensions\redhat.java-1.53.0-win32-x64\jre\21.0.10-win32-x86_64\bin\vcruntime140_1.dll
0x00007fffa4ff0000 - 0x00007fffa507d000 	c:\Users\ENOC\.vscode\extensions\redhat.java-1.53.0-win32-x64\jre\21.0.10-win32-x86_64\bin\msvcp140.dll
0x00007fff57630000 - 0x00007fff583d1000 	c:\Users\ENOC\.vscode\extensions\redhat.java-1.53.0-win32-x64\jre\21.0.10-win32-x86_64\bin\server\jvm.dll
0x00007ff82f360000 - 0x00007ff82f41b000 	C:\WINDOWS\System32\ADVAPI32.dll
0x00007ff82ea10000 - 0x00007ff82eab7000 	C:\WINDOWS\System32\sechost.dll
0x00007ff82fc70000 - 0x00007ff82fd88000 	C:\WINDOWS\System32\RPCRT4.dll
0x00007ff82e960000 - 0x00007ff82e9d4000 	C:\WINDOWS\System32\WS2_32.dll
0x00007ff82c880000 - 0x00007ff82c8de000 	C:\WINDOWS\SYSTEM32\POWRPROF.dll
0x00007ff826430000 - 0x00007ff82643b000 	C:\WINDOWS\SYSTEM32\VERSION.dll
0x00007ff825b60000 - 0x00007ff825b95000 	C:\WINDOWS\SYSTEM32\WINMM.dll
0x00007ff82c860000 - 0x00007ff82c874000 	C:\WINDOWS\SYSTEM32\UMPDC.dll
0x00007ff82b770000 - 0x00007ff82b78b000 	C:\WINDOWS\SYSTEM32\kernel.appcore.dll
0x00007ff813310000 - 0x00007ff81331a000 	c:\Users\ENOC\.vscode\extensions\redhat.java-1.53.0-win32-x64\jre\21.0.10-win32-x86_64\bin\jimage.dll
0x00007ff81ee90000 - 0x00007ff81f0d2000 	C:\WINDOWS\SYSTEM32\DBGHELP.DLL
0x00007ff82e3b0000 - 0x00007ff82e732000 	C:\WINDOWS\System32\combase.dll
0x00007ff82f420000 - 0x00007ff82f4f7000 	C:\WINDOWS\System32\OLEAUT32.dll
0x00007ff80ecc0000 - 0x00007ff80ecfb000 	C:\WINDOWS\SYSTEM32\dbgcore.DLL
0x00007ff82d2e0000 - 0x00007ff82d385000 	C:\WINDOWS\System32\bcryptPrimitives.dll
0x00007ff810210000 - 0x00007ff81021f000 	c:\Users\ENOC\.vscode\extensions\redhat.java-1.53.0-win32-x64\jre\21.0.10-win32-x86_64\bin\instrument.dll
0x00007ff80f030000 - 0x00007ff80f050000 	c:\Users\ENOC\.vscode\extensions\redhat.java-1.53.0-win32-x64\jre\21.0.10-win32-x86_64\bin\java.dll

JVMTI agents:
c:\Users\ENOC\.vscode\extensions\redhat.java-1.53.0-win32-x64\lombok\lombok-1.18.39-4050.jar path:none, loaded, not initialized, instrumentlib options:none

dbghelp: loaded successfully - version: 4.0.5 - missing functions: none
symbol engine: initialized successfully - sym options: 0x614 - pdb path: .;c:\Users\ENOC\.vscode\extensions\redhat.java-1.53.0-win32-x64\jre\21.0.10-win32-x86_64\bin;C:\WINDOWS\SYSTEM32;C:\WINDOWS\WinSxS\amd64_microsoft.windows.common-controls_6595b64144ccf1df_6.0.26100.8037_none_3e092faae333b53b;c:\Users\ENOC\.vscode\extensions\redhat.java-1.53.0-win32-x64\jre\21.0.10-win32-x86_64\bin\server

VM Arguments:
jvm_args: --add-modules=ALL-SYSTEM --add-opens=java.base/java.util=ALL-UNNAMED --add-opens=java.base/java.lang=ALL-UNNAMED --add-opens=java.base/sun.nio.fs=ALL-UNNAMED -Declipse.application=org.eclipse.jdt.ls.core.id1 -Dosgi.bundles.defaultStartLevel=4 -Declipse.product=org.eclipse.jdt.ls.core.product -Djava.import.generatesMetadataFilesAtProjectRoot=false -DDetectVMInstallationsJob.disabled=true -Dfile.encoding=utf8 -XX:+UseParallelGC -XX:GCTimeRatio=4 -XX:AdaptiveSizePolicyWeight=90 -Dsun.zip.disableMemoryMapping=true -Xmx2G -Xms100m -Xlog:disable -javaagent:c:\Users\ENOC\.vscode\extensions\redhat.java-1.53.0-win32-x64\lombok\lombok-1.18.39-4050.jar -XX:+HeapDumpOnOutOfMemoryError -XX:HeapDumpPath=c:\Users\ENOC\AppData\Roaming\Code\User\workspaceStorage\6ec05ceb88eea0f81ea9197d5d668666\redhat.java -Daether.dependencyCollector.impl=bf 
java_command: c:\Users\ENOC\.vscode\extensions\redhat.java-1.53.0-win32-x64\server\plugins\org.eclipse.equinox.launcher_1.7.100.v20251111-0406.jar -configuration c:\Users\ENOC\AppData\Roaming\Code\User\globalStorage\redhat.java\1.53.0\config_win -data c:\Users\ENOC\AppData\Roaming\Code\User\workspaceStorage\6ec05ceb88eea0f81ea9197d5d668666\redhat.java\jdt_ws --pipe=\\.\pipe\lsp-4c799c071691e845cc319d894b5b40b3-sock
java_class_path (initial): c:\Users\ENOC\.vscode\extensions\redhat.java-1.53.0-win32-x64\server\plugins\org.eclipse.equinox.launcher_1.7.100.v20251111-0406.jar
Launcher Type: SUN_STANDARD

[Global flags]
    uintx AdaptiveSizePolicyWeight                 = 90                                        {product} {command line}
     intx CICompilerCount                          = 4                                         {product} {ergonomic}
    uintx GCTimeRatio                              = 4                                         {product} {command line}
     bool HeapDumpOnOutOfMemoryError               = true                                   {manageable} {command line}
    ccstr HeapDumpPath                             = c:\Users\ENOC\AppData\Roaming\Code\User\workspaceStorage\6ec05ceb88eea0f81ea9197d5d668666\redhat.java         {manageable} {command line}
   size_t InitialHeapSize                          = 104857600                                 {product} {command line}
   size_t MaxHeapSize                              = 2147483648                                {product} {command line}
   size_t MaxNewSize                               = 715653120                                 {product} {ergonomic}
   size_t MinHeapDeltaBytes                        = 524288                                    {product} {ergonomic}
   size_t MinHeapSize                              = 104857600                                 {product} {command line}
   size_t NewSize                                  = 34603008                                  {product} {ergonomic}
    uintx NonNMethodCodeHeapSize                   = 5839372                                {pd product} {ergonomic}
    uintx NonProfiledCodeHeapSize                  = 122909434                              {pd product} {ergonomic}
   size_t OldSize                                  = 70254592                                  {product} {ergonomic}
    uintx ProfiledCodeHeapSize                     = 122909434                              {pd product} {ergonomic}
    uintx ReservedCodeCacheSize                    = 251658240                              {pd product} {ergonomic}
     bool SegmentedCodeCache                       = true                                      {product} {ergonomic}
   size_t SoftMaxHeapSize                          = 2147483648                             {manageable} {ergonomic}
     bool UseCompressedOops                        = true                           {product lp64_product} {ergonomic}
     bool UseLargePagesIndividualAllocation        = false                                  {pd product} {ergonomic}
     bool UseParallelGC                            = true                                      {product} {command line}

Logging:
Log output configuration:
 #0: stdout all=off uptime,level,tags foldmultilines=false
 #1: stderr all=off uptime,level,tags foldmultilines=false

Release file:
<release file has not been read>
Environment Variables:
JAVA_HOME=C:\Program Files\Java\jdk-17
PATH=C:\Users\ENOC\AppData\Local\Programs\Microsoft VS Code;C:\Program Files (x86)\VMware\VMware Workstation\bin\;C:\WINDOWS\system32;C:\WINDOWS;C:\WINDOWS\System32\Wbem;C:\WINDOWS\System32\WindowsPowerShell\v1.0\;C:\WINDOWS\System32\OpenSSH\;C:\Program Files\Microsoft SQL Server\Client SDK\ODBC\170\Tools\Binn\;C:\Program Files\dotnet\;C:\Program Files (x86)\Windows Kits\10\Windows Performance Toolkit\;C:\Program Files (x86)\Microsoft SQL Server\150\Tools\Binn\;C:\Program Files\Microsoft SQL Server\150\Tools\Binn\;C:\Program Files\Microsoft SQL Server\150\DTS\Binn\;C:\Program Files (x86)\Microsoft SQL Server\160\DTS\Binn\;C:\Program Files (x86)\jdk-11.0.26_windows-x64_bin;C:\Program Files\Git\cmd;C:\Program Files\nodejs\;C:\Program Files\Docker\Docker\resources\bin;C:\Users\ENOC\apache-maven-3.9.11\bin;C:\Program Files\Java\jdk-17\bin;C:\Users\ENOC\Redis-x64-5.0.14.1;C:\Users\ENOC\Downloads\gradle-9.1.0-bin\gradle-9.1.0\bin;C:\Program Files\Java\jdk-17\bin;D:\Intalador de Jenkins\jdk-21.0.1+12;C:\Program Files\Amazon\AWSCLIV2\;C:\Users\ENOC\AppData\Local\Programs\Python\Python314\;C:\Users\ENOC\AppData\Local\Programs\Python\Python314\Scripts\;C:\Users\ENOC\AppData\Local\Programs\Python\Python314\Scripts\;C:\Users\ENOC\AppData\Local\Programs\Python\Python314\;C:\Users\ENOC\AppData\Local\Programs\Python\Launcher\;C:\Users\ENOC\scoop\shims;C:\Program Files\Microsoft Visual Studio\2022\Community\DIA SDK\bin;C:\Program Files\nodejs;C:\Users\ENOC\AppData\Local\Programs\Microsoft VS Code\bin;C:\Users\ENOC\.dotnet\tools;C:\Users\ENOC\AppData\Local\Microsoft\WindowsApps;C:\Users\ENOC\AppData\Local\Microsoft\WinGet\Packages\Schniz.fnm_Microsoft.Winget.Source_8wekyb3d8bbwe;C:\Users\ENOC\node-v22.15.0-win-x64\node-v22.15.0-win-x64;C:\Users\ENOC\AppData\Roaming\npm;C:\Program Files\JetBrains\IntelliJ IDEA Community Edition 2025.1.2\bin;
USERNAME=ENOC
OS=Windows_NT
PROCESSOR_IDENTIFIER=AMD64 Family 23 Model 104 Stepping 1, AuthenticAMD
TMP=C:\Users\ENOC\AppData\Local\Temp
TEMP=C:\Users\ENOC\AppData\Local\Temp




Periodic native trim disabled

---------------  S Y S T E M  ---------------

OS:
 Windows 11 , 64 bit Build 26100 (10.0.26100.7920)
OS uptime: 14 days 7:12 hours
Hyper-V role detected

CPU: total 8 (initial active 8) (8 cores per cpu, 2 threads per core) family 23 model 104 stepping 1 microcode 0x8608107, cx8, cmov, fxsr, ht, mmx, 3dnowpref, sse, sse2, sse3, ssse3, sse4a, sse4.1, sse4.2, popcnt, lzcnt, tsc, tscinvbit, avx, avx2, aes, clmul, bmi1, bmi2, adx, sha, fma, vzeroupper, clflush, clflushopt, hv, rdtscp, rdpid, f16c
Processor Information for the first 8 processors :
  Max Mhz: 2600, Current Mhz: 2600, Mhz Limit: 2600

Memory: 4k page, system-wide physical 7502M (138M free)
TotalPageFile size 30030M (AvailPageFile size 4M)
current process WorkingSet (physical memory assigned to process): 25M, peak: 25M
current process commit charge ("private bytes"): 194M, peak: 195M

vm_info: OpenJDK 64-Bit Server VM (21.0.10+7-LTS) for windows-amd64 JRE (21.0.10+7-LTS), built on 2026-01-20T00:00:00Z by "admin" with MS VC++ 17.12 (VS2022)

END.
